c:\vs studio\code (vs studio)\revise\chuong 6\bai 1 (kiem tra)\x64\debug\vc145.pdb
c:\vs studio\code (vs studio)\revise\chuong 6\bai 1 (kiem tra)\x64\debug\vc145.idb
c:\vs studio\code (vs studio)\revise\chuong 6\bai 1 (kiem tra)\x64\debug\sinhvien.obj
c:\vs studio\code (vs studio)\revise\chuong 6\bai 1 (kiem tra)\x64\debug\filename.obj
c:\vs studio\code (vs studio)\revise\chuong 6\x64\debug\bai 1 (kiem tra).exe
c:\vs studio\code (vs studio)\revise\chuong 6\x64\debug\bai 1 (kiem tra).pdb
c:\vs studio\code (vs studio)\revise\chuong 6\bai 1 (kiem tra)\x64\debug\bai 1 (kiem tra).ilk
c:\vs studio\code (vs studio)\lt oop\chuong 6\bai 1 (kiem tra)\x64\debug\filename.obj
c:\vs studio\code (vs studio)\lt oop\chuong 6\bai 1 (kiem tra)\x64\debug\sinhvien.obj
c:\vs studio\code (vs studio)\lt oop\chuong 6\bai 1 (kiem tra)\x64\debug\bai 1 (kiem tra).ilk
c:\vs studio\code (vs studio)\lt oop\chuong 6\bai 1 (kiem tra)\x64\debug\vc145.idb
c:\vs studio\code (vs studio)\lt oop\chuong 6\bai 1 (kiem tra)\x64\debug\vc145.pdb
c:\vs studio\code (vs studio)\lt oop\chuong 6\x64\debug\bai 1 (kiem tra).pdb
c:\vs studio\code (vs studio)\lt oop\chuong 6\x64\debug\bai 1 (kiem tra).exe
c:\vs studio\code (vs studio)\lt oop\chuong 6\bai 1 (kiem tra)\x64\debug\bai 1 (kiem tra).tlog\cl.command.1.tlog
c:\vs studio\code (vs studio)\lt oop\chuong 6\bai 1 (kiem tra)\x64\debug\bai 1 (kiem tra).tlog\cl.items.tlog
c:\vs studio\code (vs studio)\lt oop\chuong 6\bai 1 (kiem tra)\x64\debug\bai 1 (kiem tra).tlog\cl.read.1.tlog
c:\vs studio\code (vs studio)\lt oop\chuong 6\bai 1 (kiem tra)\x64\debug\bai 1 (kiem tra).tlog\cl.write.1.tlog
c:\vs studio\code (vs studio)\lt oop\chuong 6\bai 1 (kiem tra)\x64\debug\bai 1 (kiem tra).tlog\link.command.1.tlog
c:\vs studio\code (vs studio)\lt oop\chuong 6\bai 1 (kiem tra)\x64\debug\bai 1 (kiem tra).tlog\link.read.1.tlog
c:\vs studio\code (vs studio)\lt oop\chuong 6\bai 1 (kiem tra)\x64\debug\bai 1 (kiem tra).tlog\link.secondary.1.tlog
c:\vs studio\code (vs studio)\lt oop\chuong 6\bai 1 (kiem tra)\x64\debug\bai 1 (kiem tra).tlog\link.write.1.tlog
