c:\vs studio\code (vs studio)\revise\chuong 6\bai 1 (bai tap)\x64\debug\vc145.pdb
c:\vs studio\code (vs studio)\revise\chuong 6\bai 1 (bai tap)\x64\debug\vc145.idb
c:\vs studio\code (vs studio)\revise\chuong 6\bai 1 (bai tap)\x64\debug\filename.obj
c:\vs studio\code (vs studio)\revise\chuong 6\bai 1 (bai tap)\x64\debug\nhanvien.obj
c:\vs studio\code (vs studio)\revise\chuong 6\x64\debug\bai 1 (bai tap).exe
c:\vs studio\code (vs studio)\revise\chuong 6\x64\debug\bai 1 (bai tap).pdb
c:\vs studio\code (vs studio)\revise\chuong 6\bai 1 (bai tap)\x64\debug\bai 1 (bai tap).ilk
c:\vs studio\code (vs studio)\lt oop\chuong 6\bai 1 (bai tap)\x64\debug\filename.obj
c:\vs studio\code (vs studio)\lt oop\chuong 6\bai 1 (bai tap)\x64\debug\nhanvien.obj
c:\vs studio\code (vs studio)\lt oop\chuong 6\bai 1 (bai tap)\x64\debug\bai 1 (bai tap).ilk
c:\vs studio\code (vs studio)\lt oop\chuong 6\bai 1 (bai tap)\x64\debug\vc145.idb
c:\vs studio\code (vs studio)\lt oop\chuong 6\bai 1 (bai tap)\x64\debug\vc145.pdb
c:\vs studio\code (vs studio)\lt oop\chuong 6\x64\debug\bai 1 (bai tap).pdb
c:\vs studio\code (vs studio)\lt oop\chuong 6\x64\debug\bai 1 (bai tap).exe
c:\vs studio\code (vs studio)\lt oop\chuong 6\bai 1 (bai tap)\x64\debug\bai 1 (bai tap).tlog\cl.command.1.tlog
c:\vs studio\code (vs studio)\lt oop\chuong 6\bai 1 (bai tap)\x64\debug\bai 1 (bai tap).tlog\cl.items.tlog
c:\vs studio\code (vs studio)\lt oop\chuong 6\bai 1 (bai tap)\x64\debug\bai 1 (bai tap).tlog\cl.read.1.tlog
c:\vs studio\code (vs studio)\lt oop\chuong 6\bai 1 (bai tap)\x64\debug\bai 1 (bai tap).tlog\cl.write.1.tlog
c:\vs studio\code (vs studio)\lt oop\chuong 6\bai 1 (bai tap)\x64\debug\bai 1 (bai tap).tlog\link.command.1.tlog
c:\vs studio\code (vs studio)\lt oop\chuong 6\bai 1 (bai tap)\x64\debug\bai 1 (bai tap).tlog\link.read.1.tlog
c:\vs studio\code (vs studio)\lt oop\chuong 6\bai 1 (bai tap)\x64\debug\bai 1 (bai tap).tlog\link.secondary.1.tlog
c:\vs studio\code (vs studio)\lt oop\chuong 6\bai 1 (bai tap)\x64\debug\bai 1 (bai tap).tlog\link.write.1.tlog
