c:\vs studio\code (vs studio)\revise\chuong 6\bai 1 (yeu cau)\x64\debug\vc145.pdb
c:\vs studio\code (vs studio)\revise\chuong 6\bai 1 (yeu cau)\x64\debug\vc145.idb
c:\vs studio\code (vs studio)\revise\chuong 6\bai 1 (yeu cau)\x64\debug\filename.obj
c:\vs studio\code (vs studio)\revise\chuong 6\bai 1 (yeu cau)\x64\debug\canbovc.obj
c:\vs studio\code (vs studio)\revise\chuong 6\x64\debug\bai 1 (yeu cau).exe
c:\vs studio\code (vs studio)\revise\chuong 6\x64\debug\bai 1 (yeu cau).pdb
c:\vs studio\code (vs studio)\revise\chuong 6\bai 1 (yeu cau)\x64\debug\bai 1 (yeu cau).ilk
c:\vs studio\code (vs studio)\lt oop\chuong 6\bai 1 (yeu cau)\x64\debug\canbovc.obj
c:\vs studio\code (vs studio)\lt oop\chuong 6\bai 1 (yeu cau)\x64\debug\filename.obj
c:\vs studio\code (vs studio)\lt oop\chuong 6\bai 1 (yeu cau)\x64\debug\bai 1 (yeu cau).ilk
c:\vs studio\code (vs studio)\lt oop\chuong 6\bai 1 (yeu cau)\x64\debug\vc145.idb
c:\vs studio\code (vs studio)\lt oop\chuong 6\bai 1 (yeu cau)\x64\debug\vc145.pdb
c:\vs studio\code (vs studio)\lt oop\chuong 6\x64\debug\bai 1 (yeu cau).pdb
c:\vs studio\code (vs studio)\lt oop\chuong 6\x64\debug\bai 1 (yeu cau).exe
c:\vs studio\code (vs studio)\lt oop\chuong 6\bai 1 (yeu cau)\x64\debug\bai 1 (yeu cau).tlog\cl.command.1.tlog
c:\vs studio\code (vs studio)\lt oop\chuong 6\bai 1 (yeu cau)\x64\debug\bai 1 (yeu cau).tlog\cl.items.tlog
c:\vs studio\code (vs studio)\lt oop\chuong 6\bai 1 (yeu cau)\x64\debug\bai 1 (yeu cau).tlog\cl.read.1.tlog
c:\vs studio\code (vs studio)\lt oop\chuong 6\bai 1 (yeu cau)\x64\debug\bai 1 (yeu cau).tlog\cl.write.1.tlog
c:\vs studio\code (vs studio)\lt oop\chuong 6\bai 1 (yeu cau)\x64\debug\bai 1 (yeu cau).tlog\link.command.1.tlog
c:\vs studio\code (vs studio)\lt oop\chuong 6\bai 1 (yeu cau)\x64\debug\bai 1 (yeu cau).tlog\link.read.1.tlog
c:\vs studio\code (vs studio)\lt oop\chuong 6\bai 1 (yeu cau)\x64\debug\bai 1 (yeu cau).tlog\link.secondary.1.tlog
c:\vs studio\code (vs studio)\lt oop\chuong 6\bai 1 (yeu cau)\x64\debug\bai 1 (yeu cau).tlog\link.write.1.tlog
